<?xml version="1.0" encoding="UTF-8"?>
<!-- Generated by org.testng.reporters.JUnitReportReporter -->
<testsuite hostname="deepaksharma-HP" name="com.qtpselenium.framework.datadriven.PortFolioSuite.Test4" tests="1" failures="0" timestamp="15 Oct 2014 02:39:59 GMT" time="0.001" errors="0">
  <testcase name="test4" time="0.001" classname="com.qtpselenium.framework.datadriven.PortFolioSuite.Test4"/>
</testsuite>
